  18074508_subway tickets.cpp
c:\users\lenovo\desktop\个人\学校\大三上\数据结构课设\18074508 subway tickets\subway tickets inquiry system\18074508_subway tickets.cpp(12): warning C4005: “INFINITY”: 宏重定义
  c:\program files (x86)\windows kits\10\include\10.0.17763.0\ucrt\corecrt_math.h(90): note: 参见“INFINITY”的前一个定义
c:\users\lenovo\desktop\个人\学校\大三上\数据结构课设\18074508 subway tickets\subway tickets inquiry system\18074508_subway tickets.cpp(281): warning C4244: “初始化”: 从“double”转换到“int”，可能丢失数据
c:\users\lenovo\desktop\个人\学校\大三上\数据结构课设\18074508 subway tickets\subway tickets inquiry system\18074508_subway tickets.cpp(287): warning C4244: “=”: 从“double”转换到“int”，可能丢失数据
c:\users\lenovo\desktop\个人\学校\大三上\数据结构课设\18074508 subway tickets\subway tickets inquiry system\18074508_subway tickets.cpp(366): warning C4267: “=”: 从“size_t”转换到“int”，可能丢失数据
c:\users\lenovo\desktop\个人\学校\大三上\数据结构课设\18074508 subway tickets\subway tickets inquiry system\18074508_subway tickets.cpp(405): warning C4267: “参数”: 从“size_t”转换到“int”，可能丢失数据
c:\users\lenovo\desktop\个人\学校\大三上\数据结构课设\18074508 subway tickets\subway tickets inquiry system\18074508_subway tickets.cpp(513): warning C4244: “初始化”: 从“double”转换到“int”，可能丢失数据
c:\users\lenovo\desktop\个人\学校\大三上\数据结构课设\18074508 subway tickets\subway tickets inquiry system\18074508_subway tickets.cpp(514): warning C4244: “初始化”: 从“double”转换到“int”，可能丢失数据
c:\users\lenovo\desktop\个人\学校\大三上\数据结构课设\18074508 subway tickets\subway tickets inquiry system\18074508_subway tickets.cpp(313): warning C4101: “temp_price”: 未引用的局部变量
c:\users\lenovo\desktop\个人\学校\大三上\数据结构课设\18074508 subway tickets\subway tickets inquiry system\18074508_subway tickets.cpp(888): warning C4101: “subwayStation_num”: 未引用的局部变量
c:\users\lenovo\desktop\个人\学校\大三上\数据结构课设\18074508 subway tickets\subway tickets inquiry system\18074508_subway tickets.cpp(1102): warning C4244: “=”: 从“double”转换到“int”，可能丢失数据
c:\users\lenovo\desktop\个人\学校\大三上\数据结构课设\18074508 subway tickets\subway tickets inquiry system\18074508_subway tickets.cpp(1103): warning C4244: “=”: 从“double”转换到“int”，可能丢失数据
c:\users\lenovo\desktop\个人\学校\大三上\数据结构课设\18074508 subway tickets\subway tickets inquiry system\18074508_subway tickets.cpp(1152): warning C4244: “=”: 从“double”转换到“int”，可能丢失数据
c:\users\lenovo\desktop\个人\学校\大三上\数据结构课设\18074508 subway tickets\subway tickets inquiry system\18074508_subway tickets.cpp(1153): warning C4244: “=”: 从“double”转换到“int”，可能丢失数据
c:\users\lenovo\desktop\个人\学校\大三上\数据结构课设\18074508 subway tickets\subway tickets inquiry system\18074508_subway tickets.cpp(1165): warning C4244: “=”: 从“double”转换到“int”，可能丢失数据
c:\users\lenovo\desktop\个人\学校\大三上\数据结构课设\18074508 subway tickets\subway tickets inquiry system\18074508_subway tickets.cpp(1166): warning C4244: “=”: 从“double”转换到“int”，可能丢失数据
c:\users\lenovo\desktop\个人\学校\大三上\数据结构课设\18074508 subway tickets\subway tickets inquiry system\18074508_subway tickets.cpp(1188): warning C4244: “参数”: 从“double”转换到“int”，可能丢失数据
c:\users\lenovo\desktop\个人\学校\大三上\数据结构课设\18074508 subway tickets\subway tickets inquiry system\18074508_subway tickets.cpp(1189): warning C4244: “初始化”: 从“double”转换到“int”，可能丢失数据
c:\users\lenovo\desktop\个人\学校\大三上\数据结构课设\18074508 subway tickets\subway tickets inquiry system\18074508_subway tickets.cpp(1190): warning C4244: “初始化”: 从“double”转换到“int”，可能丢失数据
c:\users\lenovo\desktop\个人\学校\大三上\数据结构课设\18074508 subway tickets\subway tickets inquiry system\18074508_subway tickets.cpp(1193): warning C4244: “=”: 从“double”转换到“int”，可能丢失数据
c:\users\lenovo\desktop\个人\学校\大三上\数据结构课设\18074508 subway tickets\subway tickets inquiry system\18074508_subway tickets.cpp(1201): warning C4244: “=”: 从“double”转换到“int”，可能丢失数据
c:\users\lenovo\desktop\个人\学校\大三上\数据结构课设\18074508 subway tickets\subway tickets inquiry system\18074508_subway tickets.cpp(1217): warning C4244: “=”: 从“double”转换到“int”，可能丢失数据
c:\users\lenovo\desktop\个人\学校\大三上\数据结构课设\18074508 subway tickets\subway tickets inquiry system\18074508_subway tickets.cpp(1218): warning C4244: “=”: 从“double”转换到“int”，可能丢失数据
c:\users\lenovo\desktop\个人\学校\大三上\数据结构课设\18074508 subway tickets\subway tickets inquiry system\18074508_subway tickets.cpp(1231): warning C4244: “参数”: 从“double”转换到“int”，可能丢失数据
c:\users\lenovo\desktop\个人\学校\大三上\数据结构课设\18074508 subway tickets\subway tickets inquiry system\18074508_subway tickets.cpp(1232): warning C4244: “初始化”: 从“double”转换到“int”，可能丢失数据
c:\users\lenovo\desktop\个人\学校\大三上\数据结构课设\18074508 subway tickets\subway tickets inquiry system\18074508_subway tickets.cpp(1233): warning C4244: “初始化”: 从“double”转换到“int”，可能丢失数据
c:\users\lenovo\desktop\个人\学校\大三上\数据结构课设\18074508 subway tickets\subway tickets inquiry system\18074508_subway tickets.cpp(1244): warning C4244: “=”: 从“double”转换到“int”，可能丢失数据
c:\users\lenovo\desktop\个人\学校\大三上\数据结构课设\18074508 subway tickets\subway tickets inquiry system\18074508_subway tickets.cpp(1245): warning C4244: “=”: 从“double”转换到“int”，可能丢失数据
c:\users\lenovo\desktop\个人\学校\大三上\数据结构课设\18074508 subway tickets\subway tickets inquiry system\18074508_subway tickets.cpp(1273): warning C4267: “参数”: 从“size_t”转换到“int”，可能丢失数据
c:\users\lenovo\desktop\个人\学校\大三上\数据结构课设\18074508 subway tickets\subway tickets inquiry system\18074508_subway tickets.cpp(1290): warning C4267: “初始化”: 从“size_t”转换到“int”，可能丢失数据
c:\users\lenovo\desktop\个人\学校\大三上\数据结构课设\18074508 subway tickets\subway tickets inquiry system\18074508_subway tickets.cpp(1311): warning C4267: “初始化”: 从“size_t”转换到“int”，可能丢失数据
c:\users\lenovo\desktop\个人\学校\大三上\数据结构课设\18074508 subway tickets\subway tickets inquiry system\18074508_subway tickets.cpp(1333): warning C4267: “初始化”: 从“size_t”转换到“int”，可能丢失数据
c:\users\lenovo\desktop\个人\学校\大三上\数据结构课设\18074508 subway tickets\subway tickets inquiry system\18074508_subway tickets.cpp(1621): warning C4101: “num”: 未引用的局部变量
c:\users\lenovo\desktop\个人\学校\大三上\数据结构课设\18074508 subway tickets\subway tickets inquiry system\18074508_subway tickets.cpp(277): warning C4715: “price_counting”: 不是所有的控件路径都返回值
c:\users\lenovo\desktop\个人\学校\大三上\数据结构课设\18074508 subway tickets\subway tickets inquiry system\18074508_subway tickets.cpp(578): warning C4715: “Dijkstra”: 不是所有的控件路径都返回值
c:\users\lenovo\desktop\个人\学校\大三上\数据结构课设\18074508 subway tickets\subway tickets inquiry system\18074508_subway tickets.cpp(1474): warning C4715: “function_search”: 不是所有的控件路径都返回值
c:\users\lenovo\desktop\个人\学校\大三上\数据结构课设\18074508 subway tickets\subway tickets inquiry system\18074508_subway tickets.cpp(77): warning C4715: “stack<std::basic_string<char,std::char_traits<char>,std::allocator<char> > >::top”: 不是所有的控件路径都返回值
  Subway tickets inquiry system.vcxproj -> C:\Users\lenovo\Desktop\个人\学校\大三上\数据结构课设\18074508 subway tickets\Subway tickets inquiry system\x64\Debug\Subway tickets inquiry system.exe
